{"level":"error","message":"Error in theater controller: Cannot read property 'sucess' of undefined","timestamp":"2023-12-07 18:18:39"}
{"level":"error","message":"failed to addseatnumber details Internal Server Error","timestamp":"2023-12-07 19:57:23"}
{"level":"error","message":"failed to addseatnumber details Internal Server Error","timestamp":"2023-12-07 19:58:15"}
{"level":"error","message":"Signup failed: user already exist","timestamp":"2023-12-08 07:54:09"}
{"level":"error","message":"Error in BookingController: Cannot read property 'sucess' of undefined","timestamp":"2023-12-08 07:59:31"}
{"level":"error","message":"failed to fetch  booking movies details this movie doesnot exist","timestamp":"2023-12-08 08:00:56"}
{"level":"error","message":"failed to fetch  booking movies details this movie_slot doesnot exist","timestamp":"2023-12-08 08:01:19"}
{"level":"error","message":"failed to fetch  booking movies details theater not exist","timestamp":"2023-12-08 08:01:34"}
{"level":"error","message":"failed to fetch  booking movies details this screen not exist on this theater","timestamp":"2023-12-08 08:01:39"}
{"level":"error","message":"Error in BookingController: Cannot read property 'sucess' of undefined","timestamp":"2023-12-08 08:01:44"}
{"level":"error","message":"Error in BookingController: Cannot read property 'sucess' of undefined","timestamp":"2023-12-08 08:06:46"}
{"level":"error","message":"Error in sucessPayment controller: Cannot read property 'seat_id' of undefined","timestamp":"2023-12-08 12:10:32"}
{"level":"error","message":"Error in sucessPayment controller: Cannot read property 'seat_id' of undefined","timestamp":"2023-12-08 12:12:13"}
{"level":"error","message":"payment failed: booking id not found","timestamp":"2023-12-08 12:16:10"}
{"level":"error","message":"Error in sucessPayment controller: Cannot read property 'seat_id' of undefined","timestamp":"2023-12-08 12:16:56"}
{"level":"error","message":"Error in sucessPayment controller: movieDetails.dataValues.seat_id.map is not a function","timestamp":"2023-12-08 12:20:26"}
{"level":"error","message":"Error in sucessPayment controller: screen is not defined","timestamp":"2023-12-08 12:29:03"}
{"level":"error","message":"failed to fetch  booking movies details this seat already booked","timestamp":"2023-12-08 12:37:24"}
{"level":"error","message":"payment failed:  already payment done","timestamp":"2023-12-11 11:14:57"}
{"level":"error","message":"Error in sucessPayment controller: Cannot read property 'dataValues' of null","timestamp":"2023-12-11 15:07:38"}
{"level":"error","message":"Signup failed: user already exist","timestamp":"2023-12-22 15:40:52"}
{"level":"error","message":"Error in update controller: Cannot read properties of undefined (reading 'sucess')","timestamp":"2023-12-22 15:42:06"}
{"level":"error","message":"Error in update controller: Cannot read properties of undefined (reading 'sucess')","timestamp":"2023-12-22 15:42:39"}
{"level":"error","message":"failed to fetch  booking movies details this seat already booked","timestamp":"2023-12-22 15:47:04"}
{"level":"error","message":"payment failed:  already payment done","timestamp":"2023-12-22 15:47:11"}
{"level":"error","message":"Signup failed: user already exist","timestamp":"2023-12-22 21:23:28"}
{"level":"error","message":"Signup failed: user already exist","timestamp":"2023-12-22 21:23:39"}
{"level":"error","message":"Signup failed: user already exist","timestamp":"2023-12-22 21:23:47"}
{"level":"error","message":"Signup failed: user already exist","timestamp":"2023-12-22 21:29:24"}
{"level":"error","message":"Login failed: this email not exist kindly register first","timestamp":"2023-12-22 21:30:01"}
{"level":"error","message":"Login failed: invalid credentials","timestamp":"2023-12-22 21:30:32"}
{"level":"error","message":"failed to fetch  booking movies details this seat already booked","timestamp":"2023-12-22 21:38:26"}
{"level":"error","message":"Signup failed: user already exist","timestamp":"2023-12-26 10:27:33"}
{"level":"error","message":"Error in login controller: Cannot read properties of undefined (reading 'sucess')","timestamp":"2023-12-26 10:30:00"}
{"level":"error","message":"failed to fetch  booking movies details this seat already booked","timestamp":"2023-12-26 12:23:39"}
{"level":"error","message":"failed to fetch  booking movies details this seat already booked","timestamp":"2023-12-26 12:27:35"}
{"level":"error","message":"failed to fetch  booking movies details this seat already booked","timestamp":"2023-12-26 12:28:02"}
{"level":"error","message":"failed to fetch  booking movies details seat number doesnot exist","timestamp":"2023-12-26 12:28:21"}
{"level":"error","message":"Error in getAllUserController : Invalid status code: undefined","timestamp":"2023-12-26 12:37:15"}
{"level":"error","message":"Error in getSpecficUserController : Cannot read properties of undefined (reading 'sucess')","timestamp":"2023-12-26 13:01:43"}
{"level":"error","message":"Error in getSpecficUserController : Cannot read properties of undefined (reading 'sucess')","timestamp":"2023-12-26 13:02:46"}
{"level":"error","message":"Error in getTheaterByLocationController : Cannot read properties of undefined (reading 'sucess')","timestamp":"2023-12-26 14:28:25"}
{"level":"error","message":"Error in getTheaterByLocationController : Cannot read properties of undefined (reading 'sucess')","timestamp":"2023-12-26 14:28:37"}
{"level":"error","message":"failed to get theater details}error in finding theaters for the given location","timestamp":"2023-12-26 14:36:33"}
{"level":"error","message":"failed to get theater details:error in finding theaters for the given location}","timestamp":"2023-12-26 14:38:27"}
{"level":"error","message":"failed to get theater details:no theater is available in given location}","timestamp":"2023-12-26 14:39:23"}
{"level":"error","message":"failed to get specfic theater movie details:no theater found for the given theater id}","timestamp":"2023-12-26 15:20:31"}
{"level":"error","message":"failed to fetch  booking movies details seat number doesnot exist","timestamp":"2023-12-26 15:24:27"}
{"level":"error","message":"payment failed:  already payment done","timestamp":"2023-12-26 16:41:19"}
{"level":"error","message":"failed to fetch  booking movies details this seat already booked","timestamp":"2023-12-26 16:48:13"}
